2024-04-14 11:49:22,608 [INFO] Activator:176 - 


2024-04-14 11:49:22,611 [INFO] Activator:177 - !SESSION log4j initialized
2024-04-14 11:49:26,112 [INFO] LogOutputStream:77 - [STDOUT_REDIRECT] 
2024-04-14 11:49:27,259 [ERROR] ConfigurationRetriever:142 - IOException on connection: sw-center.st.com
2024-04-14 11:49:27,261 [ERROR] ConfigurationRetriever:142 - IOException on connection: sw-center.st.com
2024-04-14 11:49:27,262 [ERROR] ConfigurationRetriever:142 - IOException on connection: sw-center.st.com
2024-04-14 11:49:30,613 [INFO] ApplicationProperties:184 - Using Application install path: C:\ST\STM32CubeIDE_1.13.1\STM32CubeIDE\plugins\com.st.stm32cube.common.mx_6.9.1.202307191849
2024-04-14 11:49:30,646 [INFO] DbMcusXml:78 - Set database path to: C:\ST\STM32CubeIDE_1.13.1\STM32CubeIDE\plugins\com.st.stm32cube.common.mx_6.9.1.202307191849\\db\/mcu/
2024-04-14 11:49:30,646 [INFO] ApiDb:274 - Set plugin database path to: C:\ST\STM32CubeIDE_1.13.1\STM32CubeIDE\plugins\com.st.stm32cube.common.mx_6.9.1.202307191849\\db\/plugins/boardmanager/
2024-04-14 11:49:30,647 [WARN] ApiDb:259 - Overriding images path with different value:  => C:\ST\STM32CubeIDE_1.13.1\STM32CubeIDE\plugins\com.st.stm32cube.common.mx_6.9.1.202307191849\\db\/plugins/mcufinder/images/
2024-04-14 11:49:30,668 [INFO] ApiDb:250 - Set database path to: C:\Users\DELL\.stmcufinder\plugins\mcufinder//mcu/
2024-04-14 11:49:30,677 [INFO] DbMcusAds:125 - Set database path to: C:\Users\DELL\.stmcufinder\plugins\mcufinder//mcu/
2024-04-14 11:49:30,682 [INFO] CrossReferenceDbSqlite:203 - Set database path to: C:\Users\DELL\.stmcufinder\plugins\mcufinder//mcu/cs/
2024-04-14 11:49:30,957 [INFO] RulesReader:64 - Compatibility file has been processed (293 Rules)
2024-04-14 11:49:31,125 [INFO] DbMcusXml:78 - Set database path to: C:\ST\STM32CubeIDE_1.13.1\STM32CubeIDE\plugins\com.st.stm32cube.common.mx_6.9.1.202307191849\\db\/mcu/
2024-04-14 11:49:31,125 [INFO] ApiDb:274 - Set plugin database path to: C:\ST\STM32CubeIDE_1.13.1\STM32CubeIDE\plugins\com.st.stm32cube.common.mx_6.9.1.202307191849\\db\/plugins/boardmanager/
2024-04-14 11:49:31,126 [INFO] ApiDb:261 - Set plugin images path to: C:\ST\STM32CubeIDE_1.13.1\STM32CubeIDE\plugins\com.st.stm32cube.common.mx_6.9.1.202307191849\\db\/plugins/mcufinder/images/
2024-04-14 11:49:31,126 [WARN] DbFile:41 - Overriding database path with different value: C:\Users\DELL\.stmcufinder\plugins\mcufinder/ => C:\Users\DELL\.stmcufinder\plugins\mcufinder
2024-04-14 11:49:31,127 [INFO] ApiDb:250 - Set database path to: C:\Users\DELL\.stmcufinder\plugins\mcufinder//mcu/
2024-04-14 11:49:31,127 [WARN] DbFile:41 - Overriding database path with different value: C:\Users\DELL\.stmcufinder\plugins\mcufinder/ => C:\Users\DELL\.stmcufinder\plugins\mcufinder
2024-04-14 11:49:31,127 [INFO] DbMcusAds:125 - Set database path to: C:\Users\DELL\.stmcufinder\plugins\mcufinder//mcu/
2024-04-14 11:49:31,127 [WARN] DbFile:41 - Overriding database path with different value: C:\Users\DELL\.stmcufinder\plugins\mcufinder/ => C:\Users\DELL\.stmcufinder\plugins\mcufinder
2024-04-14 11:49:31,128 [WARN] DbFile:41 - Overriding database path with different value: C:\Users\DELL\.stmcufinder\plugins\mcufinder/ => C:\Users\DELL\.stmcufinder\plugins\mcufinder
2024-04-14 11:49:31,128 [INFO] CrossReferenceDbSqlite:203 - Set database path to: C:\Users\DELL\.stmcufinder\plugins\mcufinder//mcu/cs/
2024-04-14 11:49:31,289 [INFO] MainPanel:262 - HeapMemory: 268435456
2024-04-14 11:49:31,427 [INFO] DbMcusXml:78 - Set database path to: C:\ST\STM32CubeIDE_1.13.1\STM32CubeIDE\plugins\com.st.stm32cube.common.mx_6.9.1.202307191849\\db\/mcu/
2024-04-14 11:49:31,427 [INFO] ApiDb:274 - Set plugin database path to: C:\ST\STM32CubeIDE_1.13.1\STM32CubeIDE\plugins\com.st.stm32cube.common.mx_6.9.1.202307191849\\db\/plugins/boardmanager/
2024-04-14 11:49:31,427 [INFO] ApiDb:261 - Set plugin images path to: C:\ST\STM32CubeIDE_1.13.1\STM32CubeIDE\plugins\com.st.stm32cube.common.mx_6.9.1.202307191849\\db\/plugins/mcufinder/images/
2024-04-14 11:49:31,428 [WARN] DbFile:41 - Overriding database path with different value: C:\Users\DELL\.stmcufinder\plugins\mcufinder/ => C:\Users\DELL\.stmcufinder\plugins\mcufinder
2024-04-14 11:49:31,428 [INFO] ApiDb:250 - Set database path to: C:\Users\DELL\.stmcufinder\plugins\mcufinder//mcu/
2024-04-14 11:49:31,428 [WARN] DbFile:41 - Overriding database path with different value: C:\Users\DELL\.stmcufinder\plugins\mcufinder/ => C:\Users\DELL\.stmcufinder\plugins\mcufinder
2024-04-14 11:49:31,429 [INFO] DbMcusAds:125 - Set database path to: C:\Users\DELL\.stmcufinder\plugins\mcufinder//mcu/
2024-04-14 11:49:31,429 [WARN] DbFile:41 - Overriding database path with different value: C:\Users\DELL\.stmcufinder\plugins\mcufinder/ => C:\Users\DELL\.stmcufinder\plugins\mcufinder
2024-04-14 11:49:31,429 [WARN] DbFile:41 - Overriding database path with different value: C:\Users\DELL\.stmcufinder\plugins\mcufinder/ => C:\Users\DELL\.stmcufinder\plugins\mcufinder
2024-04-14 11:49:31,429 [INFO] CrossReferenceDbSqlite:203 - Set database path to: C:\Users\DELL\.stmcufinder\plugins\mcufinder//mcu/cs/
2024-04-14 11:49:31,463 [INFO] ApplicationProperties:184 - Using Application install path: C:\ST\STM32CubeIDE_1.13.1\STM32CubeIDE\plugins\com.st.stm32cube.common.mx_6.9.1.202307191849
2024-04-14 11:49:31,466 [INFO] PluginManage:196 - Search for loadable plugins [exclusion list=, ]
2024-04-14 11:49:31,468 [INFO] PluginManage:310 - Check plugin analytics
2024-04-14 11:49:31,791 [INFO] AnalyticsPlugin:253 - Accepted Software Licenses: STM32CubeMX.6.9.1,STM32CubeMX.6.4.0,STM32CubeMX.6.10.0,STM32CubeMX.5.6.1
2024-04-14 11:49:31,792 [INFO] AnalyticsPlugin:255 - Accepted CMSIS Pack Licenses: 
2024-04-14 11:49:31,793 [INFO] AnalyticsPlugin:257 - Accepted Firmware Licenses: FW.F4.1.27.0
2024-04-14 11:49:31,801 [INFO] PluginManage:359 - Loaded plugin analytics (category:tool,tabindex:-1)
2024-04-14 11:49:31,802 [INFO] PluginManage:310 - Check plugin cadmodel
2024-04-14 11:49:31,800 [ERROR] ConfigurationRetriever:142 - IOException on connection: sw-center.st.com
2024-04-14 11:49:31,805 [ERROR] ConfigurationRetriever:142 - IOException on connection: sw-center.st.com
2024-04-14 11:49:31,806 [ERROR] ConfigurationRetriever:142 - IOException on connection: sw-center.st.com
2024-04-14 11:49:31,808 [INFO] CADModel:105 - Init CAD model plugin
2024-04-14 11:49:31,809 [INFO] PluginManage:359 - Loaded plugin cadmodel (category:power,tabindex:5)
2024-04-14 11:49:31,809 [INFO] PluginManage:310 - Check plugin clock
2024-04-14 11:49:31,827 [INFO] PluginManage:359 - Loaded plugin clock (category:base,tabindex:2)
2024-04-14 11:49:31,827 [INFO] PluginManage:310 - Check plugin ddr
2024-04-14 11:49:31,831 [INFO] PluginManage:359 - Loaded plugin ddr (category:tool,tabindex:6)
2024-04-14 11:49:31,832 [INFO] PluginManage:310 - Check plugin filemanager
2024-04-14 11:49:32,044 [INFO] PluginManage:359 - Loaded plugin filemanager (category:base,tabindex:10)
2024-04-14 11:49:32,044 [INFO] PluginManage:310 - Check plugin ipmanager
2024-04-14 11:49:32,058 [INFO] PluginManage:359 - Loaded plugin ipmanager (category:base,tabindex:5)
2024-04-14 11:49:32,058 [INFO] PluginManage:310 - Check plugin lpbam
2024-04-14 11:49:32,072 [INFO] PluginManage:359 - Loaded plugin lpbam (category:base,tabindex:0)
2024-04-14 11:49:32,072 [INFO] PluginManage:310 - Check plugin memorymap
2024-04-14 11:49:32,095 [INFO] PluginManage:359 - Loaded plugin memorymap (category:base,tabindex:4)
2024-04-14 11:49:32,095 [INFO] PluginManage:310 - Check plugin pinoutandconfiguration
2024-04-14 11:49:32,106 [INFO] PluginManage:359 - Loaded plugin pinoutandconfiguration (category:base,tabindex:1)
2024-04-14 11:49:32,107 [INFO] PluginManage:310 - Check plugin pinoutconfig
2024-04-14 11:49:32,250 [WARN] SupportedApi:132 - Cannot load RTOS API schema: s4s-elt-must-match.1: The content of 'definitions' must match (annotation?, (simpleType | complexType)?, (unique | key | keyref)*)). A problem was found starting at: attribute.
2024-04-14 11:49:32,464 [INFO] PluginManage:359 - Loaded plugin pinoutconfig (category:base,tabindex:0)
2024-04-14 11:49:32,465 [INFO] PluginManage:310 - Check plugin power
2024-04-14 11:49:32,485 [INFO] PluginManage:359 - Loaded plugin power (category:power,tabindex:4)
2024-04-14 11:49:32,486 [INFO] PluginManage:310 - Check plugin projectmanager
2024-04-14 11:49:32,512 [INFO] PluginManage:359 - Loaded plugin projectmanager (category:projectmanager,tabindex:3)
2024-04-14 11:49:32,512 [INFO] PluginManage:310 - Check plugin thirdparty
2024-04-14 11:49:32,751 [INFO] PluginManage:359 - Loaded plugin thirdparty (category:base,tabindex:-1)
2024-04-14 11:49:32,751 [INFO] PluginManage:310 - Check plugin tools
2024-04-14 11:49:32,757 [INFO] PluginManage:359 - Loaded plugin tools (category:base,tabindex:7)
2024-04-14 11:49:32,757 [INFO] PluginManage:310 - Check plugin tutovideos
2024-04-14 11:49:32,756 [WARN] IntegrityCheckThread:84 - waiting for thirdparty lock release [integrity check]
2024-04-14 11:49:32,759 [INFO] IntegrityCheckThread:86 - entering critical section [integrity check]
2024-04-14 11:49:32,760 [INFO] ThirdPartyUpdaterWithRetryManager:70 - Updater plugin not ready yet. [1/15]
2024-04-14 11:49:33,118 [INFO] PluginManage:359 - Loaded plugin tutovideos (category:base,tabindex:-1)
2024-04-14 11:49:33,118 [INFO] PluginManage:310 - Check plugin updater
2024-04-14 11:49:33,138 [INFO] PluginManage:359 - Loaded plugin updater (category:base,tabindex:12)
2024-04-14 11:49:33,138 [INFO] PluginManage:310 - Check plugin userauth
2024-04-14 11:49:33,146 [INFO] UserAuth:113 - Init User Auth plugin
2024-04-14 11:49:33,146 [INFO] PluginManage:359 - Loaded plugin userauth (category:base,tabindex:14)
2024-04-14 11:49:33,147 [INFO] PluginManage:283 - PluginManage : Loaded plugins [17]
2024-04-14 11:49:33,513 [INFO] PinOutPanel:1499 - setPackage(No Configuration,No Configuration)
2024-04-14 11:49:33,696 [INFO] CADModel:165 - CPN selected for project level
2024-04-14 11:49:33,696 [INFO] CADModel:114 - Register for checkConnection events
2024-04-14 11:49:33,717 [INFO] IPUIPlugin:80 - create IPUIPlugin
2024-04-14 11:49:33,717 [INFO] PluginManager:220 - loadIPPluginJar : add adc
2024-04-14 11:49:33,721 [INFO] IPUIPlugin:80 - create IPUIPlugin
2024-04-14 11:49:33,721 [INFO] PluginManager:220 - loadIPPluginJar : add aes
2024-04-14 11:49:33,725 [INFO] IPUIPlugin:80 - create IPUIPlugin
2024-04-14 11:49:33,725 [INFO] PluginManager:220 - loadIPPluginJar : add can
2024-04-14 11:49:33,728 [INFO] IPUIPlugin:80 - create IPUIPlugin
2024-04-14 11:49:33,728 [INFO] PluginManager:220 - loadIPPluginJar : add comp
2024-04-14 11:49:33,731 [INFO] IPUIPlugin:80 - create IPUIPlugin
2024-04-14 11:49:33,731 [INFO] PluginManager:220 - loadIPPluginJar : add cryp
2024-04-14 11:49:33,735 [INFO] IPUIPlugin:80 - create IPUIPlugin
2024-04-14 11:49:33,735 [INFO] PluginManager:220 - loadIPPluginJar : add dfsdm
2024-04-14 11:49:33,742 [INFO] IPUIPlugin:80 - create IPUIPlugin
2024-04-14 11:49:33,743 [INFO] PluginManager:220 - loadIPPluginJar : add dma
2024-04-14 11:49:33,747 [INFO] IPUIPlugin:80 - create IPUIPlugin
2024-04-14 11:49:33,747 [INFO] PluginManager:220 - loadIPPluginJar : add dma3
2024-04-14 11:49:33,749 [INFO] IPUIPlugin:80 - create IPUIPlugin
2024-04-14 11:49:33,750 [INFO] PluginManager:220 - loadIPPluginJar : add fatfs
2024-04-14 11:49:33,757 [INFO] IPUIPlugin:80 - create IPUIPlugin
2024-04-14 11:49:33,757 [INFO] PluginManager:220 - loadIPPluginJar : add fmc
2024-04-14 11:49:33,764 [INFO] IPUIPlugin:80 - create IPUIPlugin
2024-04-14 11:49:33,764 [INFO] PluginManager:220 - loadIPPluginJar : add freertos
2024-04-14 11:49:33,767 [INFO] IPUIPlugin:80 - create IPUIPlugin
2024-04-14 11:49:33,767 [INFO] PluginManager:220 - loadIPPluginJar : add genericplugin
2024-04-14 11:49:33,770 [INFO] IPUIPlugin:80 - create IPUIPlugin
2024-04-14 11:49:33,771 [INFO] PluginManager:220 - loadIPPluginJar : add gfxmmu
2024-04-14 11:49:33,778 [INFO] IPUIPlugin:80 - create IPUIPlugin
2024-04-14 11:49:33,779 [INFO] PluginManager:220 - loadIPPluginJar : add gic
2024-04-14 11:49:33,786 [INFO] IPUIPlugin:80 - create IPUIPlugin
2024-04-14 11:49:33,787 [INFO] PluginManager:220 - loadIPPluginJar : add gpio
2024-04-14 11:49:33,792 [INFO] IPUIPlugin:80 - create IPUIPlugin
2024-04-14 11:49:33,792 [INFO] PluginManager:220 - loadIPPluginJar : add gtzc
2024-04-14 11:49:33,797 [INFO] IPUIPlugin:80 - create IPUIPlugin
2024-04-14 11:49:33,797 [INFO] PluginManager:220 - loadIPPluginJar : add hash
2024-04-14 11:49:33,803 [INFO] IPUIPlugin:80 - create IPUIPlugin
2024-04-14 11:49:33,803 [INFO] PluginManager:220 - loadIPPluginJar : add i2c
2024-04-14 11:49:33,808 [INFO] IPUIPlugin:80 - create IPUIPlugin
2024-04-14 11:49:33,808 [INFO] PluginManager:220 - loadIPPluginJar : add i2s
2024-04-14 11:49:33,813 [INFO] IPUIPlugin:80 - create IPUIPlugin
2024-04-14 11:49:33,813 [INFO] PluginManager:220 - loadIPPluginJar : add i3c
2024-04-14 11:49:33,818 [INFO] IPUIPlugin:80 - create IPUIPlugin
2024-04-14 11:49:33,819 [INFO] PluginManager:220 - loadIPPluginJar : add ipddr
2024-04-14 11:49:33,828 [INFO] IPUIPlugin:80 - create IPUIPlugin
2024-04-14 11:49:33,828 [INFO] PluginManager:220 - loadIPPluginJar : add linkedlist
2024-04-14 11:49:33,833 [INFO] IPUIPlugin:80 - create IPUIPlugin
2024-04-14 11:49:33,833 [INFO] PluginManager:220 - loadIPPluginJar : add lorawan
2024-04-14 11:49:33,838 [INFO] IPUIPlugin:80 - create IPUIPlugin
2024-04-14 11:49:33,841 [INFO] PluginManager:220 - loadIPPluginJar : add ltdc
2024-04-14 11:49:33,852 [INFO] IPUIPlugin:80 - create IPUIPlugin
2024-04-14 11:49:33,852 [INFO] PluginManager:220 - loadIPPluginJar : add mdma
2024-04-14 11:49:33,862 [INFO] IPUIPlugin:80 - create IPUIPlugin
2024-04-14 11:49:33,863 [INFO] PluginManager:220 - loadIPPluginJar : add nvic
2024-04-14 11:49:33,868 [INFO] IPUIPlugin:80 - create IPUIPlugin
2024-04-14 11:49:33,869 [INFO] PluginManager:220 - loadIPPluginJar : add opamp
2024-04-14 11:49:33,879 [INFO] IPUIPlugin:80 - create IPUIPlugin
2024-04-14 11:49:33,880 [INFO] PluginManager:220 - loadIPPluginJar : add openamp
2024-04-14 11:49:33,885 [INFO] IPUIPlugin:80 - create IPUIPlugin
2024-04-14 11:49:33,886 [INFO] PluginManager:220 - loadIPPluginJar : add pdm2pcm
2024-04-14 11:49:33,898 [INFO] IPUIPlugin:80 - create IPUIPlugin
2024-04-14 11:49:33,903 [INFO] PluginManager:220 - loadIPPluginJar : add plateformsettings
2024-04-14 11:49:33,908 [INFO] IPUIPlugin:80 - create IPUIPlugin
2024-04-14 11:49:33,908 [INFO] PluginManager:220 - loadIPPluginJar : add quadspi
2024-04-14 11:49:33,912 [INFO] IPUIPlugin:80 - create IPUIPlugin
2024-04-14 11:49:33,913 [INFO] PluginManager:220 - loadIPPluginJar : add resmgrutility
2024-04-14 11:49:33,918 [INFO] IPUIPlugin:80 - create IPUIPlugin
2024-04-14 11:49:33,919 [INFO] PluginManager:220 - loadIPPluginJar : add sai
2024-04-14 11:49:33,926 [INFO] IPUIPlugin:80 - create IPUIPlugin
2024-04-14 11:49:33,926 [INFO] PluginManager:220 - loadIPPluginJar : add spi
2024-04-14 11:49:33,933 [INFO] IPUIPlugin:80 - create IPUIPlugin
2024-04-14 11:49:33,933 [INFO] PluginManager:220 - loadIPPluginJar : add stm32_wpan
2024-04-14 11:49:33,937 [INFO] IPUIPlugin:80 - create IPUIPlugin
2024-04-14 11:49:33,937 [INFO] PluginManager:220 - loadIPPluginJar : add tim
2024-04-14 11:49:33,943 [INFO] IPUIPlugin:80 - create IPUIPlugin
2024-04-14 11:49:33,943 [INFO] PluginManager:220 - loadIPPluginJar : add touchsensing
2024-04-14 11:49:33,946 [INFO] IPUIPlugin:80 - create IPUIPlugin
2024-04-14 11:49:33,946 [INFO] PluginManager:220 - loadIPPluginJar : add tracer_emb
2024-04-14 11:49:33,949 [INFO] IPUIPlugin:80 - create IPUIPlugin
2024-04-14 11:49:33,949 [INFO] PluginManager:220 - loadIPPluginJar : add ts
2024-04-14 11:49:33,952 [INFO] IPUIPlugin:80 - create IPUIPlugin
2024-04-14 11:49:33,952 [INFO] PluginManager:220 - loadIPPluginJar : add tsc
2024-04-14 11:49:33,959 [INFO] IPUIPlugin:80 - create IPUIPlugin
2024-04-14 11:49:33,959 [INFO] PluginManager:220 - loadIPPluginJar : add ucpd
2024-04-14 11:49:33,965 [INFO] IPUIPlugin:80 - create IPUIPlugin
2024-04-14 11:49:33,965 [INFO] PluginManager:220 - loadIPPluginJar : add usart
2024-04-14 11:49:33,972 [INFO] IPUIPlugin:80 - create IPUIPlugin
2024-04-14 11:49:33,973 [INFO] PluginManager:220 - loadIPPluginJar : add usbx
2024-04-14 11:49:34,196 [INFO] CADModel:165 - CPN selected for project level
2024-04-14 11:49:34,196 [INFO] CADModel:114 - Register for checkConnection events
2024-04-14 11:49:34,197 [FATAL] Updater:308 - Updater called before beeing initialized
2024-04-14 11:49:34,197 [ERROR] CADModel:125 - Updater not yet initialized, retry later 
2024-04-14 11:49:34,395 [INFO] CADModel:165 - CPN selected for project level
2024-04-14 11:49:34,395 [INFO] CADModel:114 - Register for checkConnection events
2024-04-14 11:49:34,395 [FATAL] Updater:308 - Updater called before beeing initialized
2024-04-14 11:49:34,395 [ERROR] CADModel:125 - Updater not yet initialized, retry later 
2024-04-14 11:49:34,402 [FATAL] Updater:308 - Updater called before beeing initialized
2024-04-14 11:49:34,604 [FATAL] Updater:308 - Updater called before beeing initialized
2024-04-14 11:49:34,617 [INFO] DbMcusAds:53 - JSON generation date=Wed Nov 29 05:52:27 PET 2023 (1701255147349)
2024-04-14 11:49:34,617 [FATAL] Updater:308 - Updater called before beeing initialized
2024-04-14 11:49:34,669 [WARN] DetailPanel:346 - Failed to get advertising image, set to default
2024-04-14 11:49:34,822 [FATAL] Updater:308 - Updater called before beeing initialized
2024-04-14 11:49:34,825 [FATAL] Updater:308 - Updater called before beeing initialized
2024-04-14 11:49:34,825 [FATAL] Updater:308 - Updater called before beeing initialized
2024-04-14 11:49:34,825 [WARN] DetailPanel:346 - Failed to get advertising image, set to default
2024-04-14 11:49:34,827 [FATAL] Updater:308 - Updater called before beeing initialized
2024-04-14 11:49:34,911 [ERROR] Updater:1120 - MainUpdater not yet initialized. External WinMGr cannot be set.
2024-04-14 11:49:34,914 [INFO] Updater:1056 - Updater Version found : 6.9.1
2024-04-14 11:49:34,947 [INFO] ApplicationProperties:184 - Using Application install path: C:\ST\STM32CubeIDE_1.13.1\STM32CubeIDE\plugins\com.st.stm32cube.common.mx_6.9.1.202307191849
2024-04-14 11:49:35,215 [ERROR] ServerAccessManage:1146 - Warning during Server Connection :  Unknown host sw-center.st.com
2024-04-14 11:49:35,231 [INFO] MainUpdater:2868 - connection check result : 22
2024-04-14 11:49:35,244 [INFO] MainUpdater:285 - Updater Check For Update Now.
2024-04-14 11:49:35,245 [INFO] MicroXplorer:498 - Change Database Version : DB.6.0.91
2024-04-14 11:49:35,255 [INFO] McuFinderGlobals:63 - Set McuFinder mode to 2 (CubeIDE integrated)
2024-04-14 11:49:35,256 [INFO] UserAuth:179 - activating auth plugin
2024-04-14 11:49:35,358 [INFO] UserAuth:393 - Internet connection configuration mode: 2
2024-04-14 11:49:35,714 [INFO] CheckServerUpdateThread:120 - End of CheckServer Thread
2024-04-14 11:49:36,122 [WARN] PackLoader:240 - Cannot read IP mode file for STMicroelectronics.X-CUBE-TOUCHGFX.4.23.0
2024-04-14 11:49:36,130 [WARN] PackLoader:240 - Cannot read IP mode file for STMicroelectronics.X-CUBE-TOUCHGFX.4.23.2
2024-04-14 11:49:36,254 [WARN] PackLoader:240 - Cannot read IP mode file for STMicroelectronics.X-CUBE-AZRTOS-F7.1.1.0
2024-04-14 11:49:36,799 [WARN] PackLoader:240 - Cannot read IP mode file for STMicroelectronics.X-CUBE-TOUCHGFX.4.22.0
2024-04-14 11:49:36,903 [WARN] PackLoader:240 - Cannot read IP mode file for STMicroelectronics.X-CUBE-BLEMGR.3.1.0
2024-04-14 11:49:36,926 [WARN] PackLoader:240 - Cannot read IP mode file for STMicroelectronics.FP-SNS-MOTENV1.5.0.0
2024-04-14 11:49:36,948 [WARN] PackLoader:240 - Cannot read IP mode file for STMicroelectronics.X-CUBE-TCPP.4.1.0
2024-04-14 11:49:36,995 [WARN] PackLoader:240 - Cannot read IP mode file for STMicroelectronics.X-CUBE-SAFEA1.1.2.2
2024-04-14 11:49:37,013 [WARN] PackLoader:240 - Cannot read IP mode file for STMicroelectronics.X-CUBE-EEPRMA1.5.1.0
2024-04-14 11:49:37,066 [WARN] PackLoader:240 - Cannot read IP mode file for STMicroelectronics.X-CUBE-AZRTOS-F4.1.1.0
2024-04-14 11:49:37,345 [WARN] PackLoader:240 - Cannot read IP mode file for STMicroelectronics.X-CUBE-NFC6.3.1.0
2024-04-14 11:49:37,391 [WARN] PackLoader:240 - Cannot read IP mode file for STMicroelectronics.X-CUBE-AI.8.1.0
2024-04-14 11:49:37,455 [WARN] PackLoader:240 - Cannot read IP mode file for STMicroelectronics.X-CUBE-TOF1.3.4.1
2024-04-14 11:49:37,514 [INFO] ThirdParty:978 - Integrity check success = true
2024-04-14 11:49:37,514 [INFO] IntegrityCheckThread:100 - exiting critical section [integrity check]
2024-04-14 11:49:37,514 [INFO] IntegrityCheckThread:103 - End integrity checks thread
2024-04-14 11:49:53,589 [ERROR] ConfigurationRetriever:142 - IOException on connection: sw-center.st.com
2024-04-14 11:49:53,590 [ERROR] ConfigurationRetriever:142 - IOException on connection: sw-center.st.com
2024-04-14 11:49:53,591 [ERROR] ConfigurationRetriever:142 - IOException on connection: sw-center.st.com
2024-04-14 11:49:55,601 [ERROR] ConfigurationRetriever:142 - IOException on connection: sw-center.st.com
2024-04-14 11:49:55,602 [ERROR] ConfigurationRetriever:142 - IOException on connection: sw-center.st.com
2024-04-14 11:49:55,603 [ERROR] ConfigurationRetriever:142 - IOException on connection: sw-center.st.com
2024-04-14 11:49:57,354 [ERROR] LogOutputStream:75 - [STDERR_REDIRECT] SLF4J: Failed to load class "org.slf4j.impl.StaticLoggerBinder".
2024-04-14 11:49:57,355 [ERROR] LogOutputStream:75 - [STDERR_REDIRECT] SLF4J: Defaulting to no-operation (NOP) logger implementation
2024-04-14 11:49:57,358 [ERROR] LogOutputStream:75 - [STDERR_REDIRECT] SLF4J: See http://www.slf4j.org/codes.html#StaticLoggerBinder for further details.
2024-04-14 11:50:34,901 [ERROR] ConfigurationRetriever:142 - IOException on connection: sw-center.st.com
2024-04-14 11:50:34,902 [ERROR] ConfigurationRetriever:142 - IOException on connection: sw-center.st.com
2024-04-14 11:50:34,903 [ERROR] ConfigurationRetriever:142 - IOException on connection: sw-center.st.com
2024-04-14 11:50:35,951 [ERROR] ConfigurationRetriever:142 - IOException on connection: sw-center.st.com
2024-04-14 11:50:35,953 [ERROR] ConfigurationRetriever:142 - IOException on connection: sw-center.st.com
2024-04-14 11:50:35,953 [ERROR] ConfigurationRetriever:142 - IOException on connection: sw-center.st.com
2024-04-14 12:17:50,474 [INFO] McuFinderGlobals:63 - Set McuFinder mode to 2 (CubeIDE integrated)
2024-04-14 12:17:51,694 [ERROR] ServerAccessManage:1146 - Warning during Server Connection :  Unknown host sw-center.st.com
2024-04-14 12:17:51,697 [INFO] MainUpdater:2868 - connection check result : 22
2024-04-14 12:17:51,713 [ERROR] ServerAccessManage:1146 - Warning during Server Connection :  Unknown host sw-center.st.com
2024-04-14 12:17:51,715 [INFO] MainUpdater:2868 - connection check result : 22
2024-04-14 12:17:55,245 [ERROR] ServerAccessManage:1146 - Warning during Server Connection :  Unknown host sw-center.st.com
2024-04-14 12:17:55,247 [INFO] MainUpdater:2868 - connection check result : 22
2024-04-14 12:17:59,034 [ERROR] ServerAccessManage:1146 - Warning during Server Connection :  Unknown host sw-center.st.com
2024-04-14 12:17:59,036 [INFO] MainUpdater:2868 - connection check result : 22
2024-04-14 12:17:59,813 [INFO] MicroXplorer:468 - Change Database Path : 
2024-04-14 12:17:59,813 [INFO] MicroXplorer:498 - Change Database Version : DB.6.0.91
2024-04-14 12:17:59,820 [WARN] ThirdParty:871 - waiting for thirdparty lock release [close project]
2024-04-14 12:17:59,820 [INFO] ThirdParty:873 - entering critical section [close project]
2024-04-14 12:17:59,823 [INFO] ThirdParty:883 - exiting critical section [close project]
2024-04-14 12:17:59,826 [INFO] PinOutPanel:1499 - setPackage(No Configuration,No Configuration)
2024-04-14 12:17:59,845 [INFO] UtilMem:75 - Begin LoadConfig() Used Memory: 263968560 Bytes (355467264)
2024-04-14 12:17:59,854 [INFO] OpenFileManager:308 - Change cursor
2024-04-14 12:18:00,109 [INFO] Mcu:1946 - Initializing MCU STM32F767ZITx STM32F767ZITx STM32F767ZIT6
2024-04-14 12:18:06,032 [INFO] Context:659 - Trying to add GPIOservice into a context  which must be forbidden
2024-04-14 12:18:07,922 [WARN] ModelIntegratedComponent:63 - No mode defined for component null
2024-04-14 12:18:07,922 [WARN] ModelIntegratedComponent:63 - No mode defined for component null
2024-04-14 12:18:07,922 [WARN] ModelIntegratedComponent:63 - No mode defined for component null
2024-04-14 12:18:07,922 [WARN] ModelIntegratedComponent:63 - No mode defined for component null
2024-04-14 12:18:07,922 [WARN] ModelIntegratedComponent:63 - No mode defined for component null
2024-04-14 12:18:07,923 [WARN] ModelIntegratedComponent:63 - No mode defined for component null
2024-04-14 12:18:07,923 [WARN] ModelIntegratedComponent:63 - No mode defined for component null
2024-04-14 12:18:07,923 [WARN] ModelIntegratedComponent:63 - No mode defined for component null
2024-04-14 12:18:07,923 [WARN] ModelIntegratedComponent:63 - No mode defined for component null
2024-04-14 12:18:07,923 [WARN] ModelIntegratedComponent:63 - No mode defined for component null
2024-04-14 12:18:07,923 [WARN] ModelIntegratedComponent:63 - No mode defined for component null
2024-04-14 12:18:07,924 [WARN] ModelIntegratedComponent:63 - No mode defined for component null
2024-04-14 12:18:07,924 [WARN] ModelIntegratedComponent:63 - No mode defined for component null
2024-04-14 12:18:07,924 [WARN] ModelIntegratedComponent:63 - No mode defined for component null
2024-04-14 12:18:07,924 [WARN] ModelIntegratedComponent:63 - No mode defined for component null
2024-04-14 12:18:07,924 [WARN] ModelIntegratedComponent:63 - No mode defined for component null
2024-04-14 12:18:07,924 [WARN] ModelIntegratedComponent:63 - No mode defined for component null
2024-04-14 12:18:07,924 [WARN] ModelIntegratedComponent:63 - No mode defined for component null
2024-04-14 12:18:07,924 [WARN] ModelIntegratedComponent:63 - No mode defined for component null
2024-04-14 12:18:07,925 [WARN] ModelIntegratedComponent:63 - No mode defined for component null
2024-04-14 12:18:07,925 [WARN] ModelIntegratedComponent:63 - No mode defined for component null
2024-04-14 12:18:07,925 [WARN] ModelIntegratedComponent:63 - No mode defined for component null
2024-04-14 12:18:07,925 [WARN] ModelIntegratedComponent:63 - No mode defined for component null
2024-04-14 12:18:07,925 [WARN] ModelIntegratedComponent:63 - No mode defined for component null
2024-04-14 12:18:07,925 [WARN] ModelIntegratedComponent:63 - No mode defined for component null
2024-04-14 12:18:07,925 [WARN] ModelIntegratedComponent:63 - No mode defined for component null
2024-04-14 12:18:07,926 [WARN] ModelIntegratedComponent:63 - No mode defined for component null
2024-04-14 12:18:07,926 [WARN] ModelIntegratedComponent:63 - No mode defined for component null
2024-04-14 12:18:07,926 [WARN] ModelIntegratedComponent:63 - No mode defined for component null
2024-04-14 12:18:07,926 [WARN] ModelIntegratedComponent:63 - No mode defined for component null
2024-04-14 12:18:07,926 [WARN] ModelIntegratedComponent:63 - No mode defined for component null
2024-04-14 12:18:07,926 [WARN] ModelIntegratedComponent:63 - No mode defined for component null
2024-04-14 12:18:07,926 [WARN] ModelIntegratedComponent:63 - No mode defined for component null
2024-04-14 12:18:07,939 [INFO] RtosManager:555 - Registered RTOS mode: class=CMSIS, group=RTOS, mode=CMSIS_V1, owner=FREERTOS
2024-04-14 12:18:07,939 [INFO] RtosManager:555 - Registered RTOS mode: class=CMSIS, group=RTOS2, mode=CMSIS_V2, owner=FREERTOS
2024-04-14 12:18:07,939 [INFO] RtosManager:555 - Registered RTOS mode: class=RTOS, group=Core, mode=CMSIS_V1, owner=FREERTOS
2024-04-14 12:18:07,939 [INFO] RtosManager:555 - Registered RTOS mode: class=RTOS, group=Core, mode=CMSIS_V2, owner=FREERTOS
2024-04-14 12:18:07,940 [WARN] ModelIntegratedComponent:184 - Missing modes for component STMicroelectronics:FreeRTOS:0.0.1:STMicroelectronics:RTOS:FreeRTOS:Core:::10.2.0:
2024-04-14 12:18:07,978 [INFO] ThirdPartyModel:298 - Start build external matchings
2024-04-14 12:18:08,094 [INFO] ThirdPartyModel:316 - End build external matchings
2024-04-14 12:18:09,651 [INFO] UtilMem:75 - End LoadConfig() Used Memory: 189990632 Bytes (558891008)
2024-04-14 12:18:09,936 [INFO] ApiDb:581 - Connected to CubeFinder SQLite database (C:\Users\DELL\.stmcufinder\plugins\mcufinder\mcu\cube-finder-db.db)
2024-04-14 12:18:10,090 [INFO] ApiDb:668 - CubeFinder database Data Model version=2.1
2024-04-14 12:18:10,090 [INFO] ApiDb:669 - CubeFinder database Configuration version=3.0.39
2024-04-14 12:18:10,093 [INFO] ApiDb:670 - CubeFinder database generation date=2024-02-19 (1708350410)
2024-04-14 12:18:10,093 [INFO] ApiDb:671 - CubeFinder database FW Pack versions=[FP-ATR-ASTRA1_V2.0.0, FP-SNS-FLIGHT1_V5.0.1, FP-SNS-FLIGHT1_V5.0.2, FP-SNS-MOTENV1_V4.3.1, FP-SNS-MOTENV1_V4.3.2, FP-SNS-MOTENVWB1_V1.3.1, FP-SNS-SMARTAG2_V1.2.0, STM32Cube_FW_C0_V1.1.0, STM32Cube_FW_F4_V1.28.0, STM32Cube_FW_F7_V1.17.0, STM32Cube_FW_G0_V1.6.2, STM32Cube_FW_G4_V1.5.2, STM32Cube_FW_H5_V0.5.1, STM32Cube_FW_H5_V1.1.1, STM32Cube_FW_H5_V1.2.0RC2, STM32Cube_FW_H7_V1.11.0, STM32Cube_FW_L0_V1.12.2, STM32Cube_FW_L5_V1.5.0, STM32Cube_FW_U5_V1.3.0RC4, STM32Cube_FW_U5_V1.4.0, STM32Cube_FW_WBA_V1.0.0RC1, STM32Cube_FW_WBA_V1.1.0RC1, STM32Cube_FW_WBA_V1.2.0, STM32Cube_FW_WBA_V1.2.0RC2, STM32Cube_FW_WB_V1.15.0RC1, STM32Cube_FW_WB_V1.16.0, STM32Cube_FW_WB_V1.16.0RC2, STM32Cube_FW_WB_V1.18.0, STM32Cube_FW_WL_V1.3.0, X-CUBE-ALGOBUILD_V1.3.0, X-CUBE-ALS_V1.0.1, X-CUBE-AZRTOS-F4_V1.1.0, X-CUBE-AZRTOS-F7_V1.1.0, X-CUBE-AZRTOS-G0_V1.1.0, X-CUBE-AZRTOS-G4_V2.0.0, X-CUBE-AZRTOS-H7_V3.2.0, X-CUBE-AZRTOS-L4_V1.0.0, X-CUBE-AZRTOS-L4_V2.0.0, X-CUBE-AZRTOS-L5_V1.1.0, X-CUBE-AZRTOS-WB_V2.0.0, X-CUBE-AZRTOS-WL_V2.0.0, X-CUBE-BLE1_V7.0.0, X-CUBE-BLE2_V3.3.0, X-CUBE-BLEMGR_V3.0.0, X-CUBE-EEPRMA1_V4.1.0, X-CUBE-EEPRMA1_V5.1.0, X-CUBE-FREERTOS_V1.1.0, X-CUBE-GNSS1_V6.0.0, X-CUBE-MEMS1_V10.0.0, X-CUBE-MEMS1_V9.1.0, X-CUBE-MEMS1_V9.4.0, X-CUBE-MEMS1_V9.6.0, X-CUBE-NFC4_V3.0.0, X-CUBE-NFC7_V1.0.1, X-CUBE-SFXS2LP1_V4.0.0, X-CUBE-SUBG2_V5.0.0, X-CUBE-TOF1_V3.4.0]
2024-04-14 12:18:13,057 [INFO] ApiDb:240 - Found 323 in-development CPN: [B-G473E-ZEST1S, B-WB1M-WPAN1, B-WL5M-SUBG1, NUCLEO-C031C6, NUCLEO-H503RB, NUCLEO-H563ZI, NUCLEO-U545RE-Q, NUCLEO-U5A5ZJ-Q, NUCLEO-WBA52CG, STEVAL-PROTEUS1, STEVAL-SMARTAG2, STEVAL-STWINBX1, STM320518-EVAL, STM32C0116-DK, STM32C011D6Y3TR, STM32C011D6Y6TR, STM32C011F4P3, STM32C011F4P6, STM32C011F4U3, STM32C011F4U6TR, STM32C011F6P3, STM32C011F6P6, STM32C011F6U3, STM32C011F6U6TR, STM32C011J4M3, STM32C011J4M6, STM32C011J6M3, STM32C011J6M6, STM32C0316-DK, STM32C031C4T3, STM32C031C4T6, STM32C031C4U3, STM32C031C4U6, STM32C031C6T3, STM32C031C6T6, STM32C031C6U3, STM32C031C6U6, STM32C031F4P3, STM32C031F4P6, STM32C031F6P3, STM32C031F6P6, STM32C031G4U3, STM32C031G4U6, STM32C031G6U3, STM32C031G6U6, STM32C031K4T3, STM32C031K4T6, STM32C031K4U3, STM32C031K4U6, STM32C031K6T3, STM32C031K6T6, STM32C031K6U3, STM32C031K6U6, STM32G071K8TXN, STM32G071K8UXN, STM32G081GBU6N, STM32G081KBT6N, STM32G081KBUXN, STM32G0B1CCT6N, STM32G0B1KCT6, STM32G0B1NEY6TR, STM32G0B1RCT6N, STM32G0C1CCT6, STM32G0C1CCT6N, STM32G0C1CCU6N, STM32G0C1CET6N, STM32G0C1CEU6N, STM32G0C1KCT6, STM32G0C1NEY6TR, STM32G0C1RCI6N, STM32G0C1RCT6N, STM32G0C1REI6N, STM32G0C1RET6N, STM32G0C1VCI6, STM32G0C1VEI6, STM32G471CCT6, STM32G471CCU6, STM32G471CET3, STM32G471CET6, STM32G471CEU3, STM32G471CEU6, STM32G471MCT6, STM32G471MET3, STM32G471MET6, STM32G471MEY6TR, STM32G471QCT6, STM32G471QET3, STM32G471RCT6, STM32G471RET3, STM32G471RET6, STM32G471VCH6, STM32G471VCI6, STM32G471VCT6, STM32G471VEH3, STM32G471VEH6, STM32G471VEI3, STM32G471VEI6, STM32G471VET3, STM32G471VET6, STM32G474CCT6, STM32H503CBT6, STM32H503CBU6, STM32H503EBY6TR, STM32H503KBU6, STM32H503RBT6, STM32H562AGI6, STM32H562AII6, STM32H562IGK6, STM32H562IGT6, STM32H562IIK6, STM32H562IIT6, STM32H562RGT6, STM32H562RGV6, STM32H562RIT6, STM32H562RIV6, STM32H562VGT6, STM32H562VIT6, STM32H562ZGT6, STM32H562ZIT6, STM32H563AGI6, STM32H563AII3Q, STM32H563AII6, STM32H563IGK6, STM32H563IGT6, STM32H563IIK3Q, STM32H563IIK6, STM32H563IIT3Q, STM32H563IIT6, STM32H563MIY3QTR, STM32H563RGT6, STM32H563RGV6, STM32H563RIT6, STM32H563RIV6, STM32H563VGT6, STM32H563VIT3Q, STM32H563VIT6, STM32H563ZGT6, STM32H563ZIT3Q, STM32H563ZIT6, STM32H573AII3Q, STM32H573AII6, STM32H573I-DK, STM32H573IIK3Q, STM32H573IIK6, STM32H573IIT3Q, STM32H573IIT6, STM32H573MIY3QTR, STM32H573RIT6, STM32H573RIV6, STM32H573VIT3Q, STM32H573VIT6, STM32H573ZIT3Q, STM32H573ZIT6, STM32L4R5QGI6STR, STM32MP131AAE3, STM32MP131AAF3, STM32MP131AAG3, STM32MP131CAE3, STM32MP131CAF3, STM32MP131CAG3, STM32MP131DAE7, STM32MP131DAF7, STM32MP131DAG7, STM32MP131FAE7, STM32MP131FAF7, STM32MP131FAG7, STM32MP133AAE3, STM32MP133AAF3, STM32MP133AAG3, STM32MP133CAE3, STM32MP133CAF3, STM32MP133CAG3, STM32MP133DAE7, STM32MP133DAF7, STM32MP133DAG7, STM32MP133FAE7, STM32MP133FAF7, STM32MP133FAG7, STM32MP135AAE3, STM32MP135AAF3, STM32MP135AAG3, STM32MP135CAE3, STM32MP135CAF3, STM32MP135CAG3, STM32MP135DAE7, STM32MP135DAF7, STM32MP135DAG7, STM32MP135F-DK, STM32MP135FAE7, STM32MP135FAF7, STM32MP135FAF7T, STM32MP135FAF7U, STM32MP135FAG7, STM32U535CBT6, STM32U535CBT6Q, STM32U535CBU6, STM32U535CBU6Q, STM32U535CCT6, STM32U535CCT6Q, STM32U535CCU6, STM32U535CCU6Q, STM32U535CET6, STM32U535CET6Q, STM32U535CEU6, STM32U535CEU6Q, STM32U535JEY6QTR, STM32U535NCY6QTR, STM32U535NEY6QTR, STM32U535RBI6, STM32U535RBI6Q, STM32U535RBT6, STM32U535RBT6Q, STM32U535RCI6, STM32U535RCI6Q, STM32U535RCT6, STM32U535RCT6Q, STM32U535REI6, STM32U535REI6Q, STM32U535RET6, STM32U535RET6Q, STM32U535VCI6, STM32U535VCI6Q, STM32U535VCT6, STM32U535VCT6Q, STM32U535VEI6, STM32U535VEI6Q, STM32U535VET6, STM32U535VET6Q, STM32U545CET6, STM32U545CET6Q, STM32U545CEU6, STM32U545CEU6Q, STM32U545JEY6QTR, STM32U545NEY6QTR, STM32U545REI6, STM32U545REI6Q, STM32U545RET6, STM32U545RET6Q, STM32U545VEI6, STM32U545VEI6Q, STM32U545VET6, STM32U545VET6Q, STM32U595AIH6, STM32U595AIH6Q, STM32U595AJH6, STM32U595AJH6Q, STM32U595QII6, STM32U595QII6Q, STM32U595QJI6, STM32U595QJI6Q, STM32U595RIT6, STM32U595RIT6Q, STM32U595RJT6, STM32U595RJT6Q, STM32U595VIT6, STM32U595VIT6Q, STM32U595VJT6, STM32U595VJT6Q, STM32U595ZIT6, STM32U595ZIT6Q, STM32U595ZIY6QTR, STM32U595ZJT6, STM32U595ZJT6Q, STM32U595ZJY6QTR, STM32U599BJY6QTR, STM32U599NIH6Q, STM32U599NJH6Q, STM32U599VIT6Q, STM32U599VJT6, STM32U599VJT6Q, STM32U599ZIT6Q, STM32U599ZIY6QTR, STM32U599ZJT6Q, STM32U599ZJY6QTR, STM32U5A5AJH6, STM32U5A5AJH6Q, STM32U5A5QJI6, STM32U5A5QJI6Q, STM32U5A5RJT6, STM32U5A5RJT6Q, STM32U5A5VJT6, STM32U5A5VJT6Q, STM32U5A5ZJT6, STM32U5A5ZJT6Q, STM32U5A5ZJY6QTR, STM32U5A9BJY6QTR, STM32U5A9J-DK, STM32U5A9NJH6Q, STM32U5A9VJT6Q, STM32U5A9ZJT6Q, STM32U5A9ZJY6QTR, STM32U5F7VIT6, STM32U5F7VIT6Q, STM32U5F7VJT6, STM32U5F7VJT6Q, STM32U5F9BJY6QTR, STM32U5F9NJH6Q, STM32U5F9VIT6Q, STM32U5F9VJT6Q, STM32U5F9ZIJ6QTR, STM32U5F9ZIT6Q, STM32U5F9ZJJ6QTR, STM32U5F9ZJT6Q, STM32U5G7VJT6, STM32U5G7VJT6Q, STM32U5G9BJY6QTR, STM32U5G9J-DK1, STM32U5G9J-DK2, STM32U5G9NJH6Q, STM32U5G9VJT6Q, STM32U5G9ZJJ6QTR, STM32U5G9ZJT6Q, STM32WB1MMCH6, STM32WBA52CEU6, STM32WBA52CEU6T, STM32WBA52CGU6, STM32WBA52CGU6T, STM32WBA52KEU6, STM32WBA52KEU6T, STM32WBA52KGU6, STM32WBA52KGU6T, STM32WL5MOCH6, STM32WL5MOCH6TR]
2024-04-14 12:18:13,062 [INFO] DbMcus:217 - Found 3882 MCUs, 3882 are supported
2024-04-14 12:18:13,062 [INFO] ApiDb:423 - Load user favorites file C:\Users\DELL/.stm32cubeide/favorites.mcus.txt: 2 item(s)
2024-04-14 12:18:13,063 [INFO] ApiDb:427 - User favorites MCUs=[STM32F401RET6, STM32WLE5CCU6]
2024-04-14 12:18:13,063 [INFO] DbMcus:223 - Set 2 / 2 favorites MCUs
2024-04-14 12:18:13,601 [WARN] ThirdParty:833 - waiting for thirdparty lock release [change project]
2024-04-14 12:18:13,602 [INFO] ThirdParty:835 - entering critical section [change project]
2024-04-14 12:18:13,602 [INFO] ThirdParty:1030 - CMSIS Pack Vendor :STMicroelectronics USBPD 4.1
2024-04-14 12:18:13,602 [INFO] ThirdParty:1030 - CMSIS Pack Vendor :STMicroelectronics USB_HOST 2.0.0
2024-04-14 12:18:13,602 [INFO] ThirdParty:1030 - CMSIS Pack Vendor :STMicroelectronics X-CUBE-AZRTOS-F4 1.1.0
2024-04-14 12:18:13,602 [INFO] ThirdParty:1030 - CMSIS Pack Vendor :STMicroelectronics LIBJPEG 8.0.0
2024-04-14 12:18:13,602 [INFO] ThirdParty:1030 - CMSIS Pack Vendor :STMicroelectronics USB_DEVICE 3.0.0
2024-04-14 12:18:13,603 [INFO] ThirdParty:1030 - CMSIS Pack Vendor :STMicroelectronics X-CUBE-TCPP 4.1.0
2024-04-14 12:18:13,603 [INFO] ThirdParty:1030 - CMSIS Pack Vendor :STMicroelectronics X-CUBE-EEPRMA1 5.1.0
2024-04-14 12:18:13,603 [INFO] ThirdParty:1030 - CMSIS Pack Vendor :STMicroelectronics HAL Drivers 0.0.0
2024-04-14 12:18:13,603 [INFO] ThirdParty:1030 - CMSIS Pack Vendor :STMicroelectronics MBEDTLS 2.16.2
2024-04-14 12:18:13,603 [INFO] ThirdParty:1030 - CMSIS Pack Vendor :STMicroelectronics X-CUBE-TOUCHGFX 4.22.0
2024-04-14 12:18:13,603 [INFO] ThirdParty:1030 - CMSIS Pack Vendor :STMicroelectronics MBEDTLS 2.14.1
2024-04-14 12:18:13,603 [INFO] ThirdParty:1030 - CMSIS Pack Vendor :STMicroelectronics X-CUBE-TOUCHGFX 4.23.0
2024-04-14 12:18:13,603 [INFO] ThirdParty:1030 - CMSIS Pack Vendor :STMicroelectronics X-CUBE-TOUCHGFX 4.23.2
2024-04-14 12:18:13,603 [INFO] ThirdParty:1030 - CMSIS Pack Vendor :STMicroelectronics X-CUBE-AZRTOS-F7 1.1.0
2024-04-14 12:18:13,604 [INFO] ThirdParty:1030 - CMSIS Pack Vendor :STMicroelectronics USB_DEVICE 2.0.0
2024-04-14 12:18:13,604 [INFO] ThirdParty:1030 - CMSIS Pack Vendor :STMicroelectronics X-CUBE-NFC6 3.1.0
2024-04-14 12:18:13,604 [INFO] ThirdParty:1030 - CMSIS Pack Vendor :STMicroelectronics X-CUBE-BLEMGR 3.1.0
2024-04-14 12:18:13,604 [INFO] ThirdParty:1030 - CMSIS Pack Vendor :STMicroelectronics ThreadX 1.0.0
2024-04-14 12:18:13,604 [INFO] ThirdParty:1030 - CMSIS Pack Vendor :STMicroelectronics FreeRTOS 0.0.1
2024-04-14 12:18:13,604 [INFO] ThirdParty:1030 - CMSIS Pack Vendor :STMicroelectronics FP-SNS-MOTENV1 5.0.0
2024-04-14 12:18:13,604 [INFO] ThirdParty:1030 - CMSIS Pack Vendor :STMicroelectronics USB_DEVICE 1.0.0
2024-04-14 12:18:13,604 [INFO] ThirdParty:1030 - CMSIS Pack Vendor :STMicroelectronics X-CUBE-AI 8.1.0
2024-04-14 12:18:13,604 [INFO] ThirdParty:1030 - CMSIS Pack Vendor :STMicroelectronics X-CUBE-SAFEA1 1.2.2
2024-04-14 12:18:13,604 [INFO] ThirdParty:1030 - CMSIS Pack Vendor :STMicroelectronics STM32_WPAN 1.0.0
2024-04-14 12:18:13,604 [INFO] ThirdParty:1030 - CMSIS Pack Vendor :STMicroelectronics ThreadX 0.0.2
2024-04-14 12:18:13,604 [INFO] ThirdParty:1030 - CMSIS Pack Vendor :STMicroelectronics lwIP 2.0.3
2024-04-14 12:18:13,604 [INFO] ThirdParty:1030 - CMSIS Pack Vendor :STMicroelectronics lwIP 2.1.2
2024-04-14 12:18:13,605 [INFO] ThirdParty:1030 - CMSIS Pack Vendor :STMicroelectronics USB_HOST 1.0.0
2024-04-14 12:18:13,605 [INFO] ThirdParty:1030 - CMSIS Pack Vendor :STMicroelectronics X-CUBE-TOF1 3.4.1
2024-04-14 12:18:13,605 [INFO] ThirdParty:1030 - CMSIS Pack Vendor :STMicroelectronics PDM2PCM 3.1.0
2024-04-14 12:18:13,605 [INFO] ThirdParty:1030 - CMSIS Pack Vendor :STMicroelectronics PDM2PCM 3.2.0
2024-04-14 12:18:13,605 [INFO] ThirdParty:1030 - CMSIS Pack Vendor :STMicroelectronics PDM2PCM 3.3.0
2024-04-14 12:18:13,605 [INFO] ThirdParty:841 - exiting critical section [change project]
2024-04-14 12:18:14,926 [INFO] PinOutPanel:1499 - setPackage(No Configuration,No Configuration)
2024-04-14 12:18:14,929 [INFO] PinOutPanel:1499 - setPackage(STM32F767ZITx,LQFP144)
2024-04-14 12:18:17,105 [INFO] UtilMem:75 - Before build in PCC Used Memory: 351703816 Bytes (558891008)
2024-04-14 12:18:18,817 [INFO] UtilMem:75 - After build in PCC Used Memory: 443261192 Bytes (558891008)
2024-04-14 12:18:18,931 [INFO] IPUIPlugin:80 - create IPUIPlugin
2024-04-14 12:18:18,932 [INFO] IPUIPlugin:80 - create IPUIPlugin
2024-04-14 12:18:18,932 [INFO] IPUIPlugin:80 - create IPUIPlugin
2024-04-14 12:18:18,932 [INFO] IPUIPlugin:80 - create IPUIPlugin
2024-04-14 12:18:18,932 [INFO] IPUIPlugin:80 - create IPUIPlugin
2024-04-14 12:18:18,933 [INFO] IPUIPlugin:80 - create IPUIPlugin
2024-04-14 12:18:18,934 [INFO] IPUIPlugin:80 - create IPUIPlugin
2024-04-14 12:18:18,934 [INFO] IPUIPlugin:80 - create IPUIPlugin
2024-04-14 12:18:18,935 [INFO] IPUIPlugin:80 - create IPUIPlugin
2024-04-14 12:18:18,935 [INFO] IPUIPlugin:80 - create IPUIPlugin
2024-04-14 12:18:18,935 [INFO] IPUIPlugin:80 - create IPUIPlugin
2024-04-14 12:18:18,936 [INFO] IPUIPlugin:80 - create IPUIPlugin
2024-04-14 12:18:18,936 [INFO] IPUIPlugin:80 - create IPUIPlugin
2024-04-14 12:18:18,939 [INFO] IPUIPlugin:80 - create IPUIPlugin
2024-04-14 12:18:18,940 [INFO] IPUIPlugin:80 - create IPUIPlugin
2024-04-14 12:18:18,940 [INFO] IPUIPlugin:80 - create IPUIPlugin
2024-04-14 12:18:18,940 [INFO] IPUIPlugin:80 - create IPUIPlugin
2024-04-14 12:18:18,941 [INFO] IPUIPlugin:80 - create IPUIPlugin
2024-04-14 12:18:18,941 [INFO] IPUIPlugin:80 - create IPUIPlugin
2024-04-14 12:18:18,942 [INFO] IPUIPlugin:80 - create IPUIPlugin
2024-04-14 12:18:18,942 [INFO] IPUIPlugin:80 - create IPUIPlugin
2024-04-14 12:18:18,943 [INFO] IPUIPlugin:80 - create IPUIPlugin
2024-04-14 12:18:18,943 [INFO] IPUIPlugin:80 - create IPUIPlugin
2024-04-14 12:18:18,943 [INFO] IPUIPlugin:80 - create IPUIPlugin
2024-04-14 12:18:18,944 [INFO] IPUIPlugin:80 - create IPUIPlugin
2024-04-14 12:18:18,944 [INFO] IPUIPlugin:80 - create IPUIPlugin
2024-04-14 12:18:18,945 [INFO] IPUIPlugin:80 - create IPUIPlugin
2024-04-14 12:18:18,945 [INFO] IPUIPlugin:80 - create IPUIPlugin
2024-04-14 12:18:18,946 [INFO] IPUIPlugin:80 - create IPUIPlugin
2024-04-14 12:18:18,947 [INFO] IPUIPlugin:80 - create IPUIPlugin
2024-04-14 12:18:18,947 [INFO] IPUIPlugin:80 - create IPUIPlugin
2024-04-14 12:18:18,948 [INFO] IPUIPlugin:80 - create IPUIPlugin
2024-04-14 12:18:18,948 [INFO] IPUIPlugin:80 - create IPUIPlugin
2024-04-14 12:18:18,949 [INFO] IPUIPlugin:80 - create IPUIPlugin
2024-04-14 12:18:18,950 [INFO] IPUIPlugin:80 - create IPUIPlugin
2024-04-14 12:18:18,951 [INFO] IPUIPlugin:80 - create IPUIPlugin
2024-04-14 12:18:18,951 [INFO] IPUIPlugin:80 - create IPUIPlugin
2024-04-14 12:18:18,952 [INFO] IPUIPlugin:80 - create IPUIPlugin
2024-04-14 12:18:18,953 [INFO] IPUIPlugin:80 - create IPUIPlugin
2024-04-14 12:18:18,954 [INFO] IPUIPlugin:80 - create IPUIPlugin
2024-04-14 12:18:18,955 [INFO] IPUIPlugin:80 - create IPUIPlugin
2024-04-14 12:18:18,956 [INFO] IPUIPlugin:80 - create IPUIPlugin
2024-04-14 12:18:18,957 [INFO] IPUIPlugin:80 - create IPUIPlugin
2024-04-14 12:18:18,958 [INFO] IPUIPlugin:80 - create IPUIPlugin
2024-04-14 12:18:18,959 [INFO] IPUIPlugin:80 - create IPUIPlugin
2024-04-14 12:18:18,959 [INFO] IPUIPlugin:80 - create IPUIPlugin
2024-04-14 12:18:18,960 [INFO] IPUIPlugin:80 - create IPUIPlugin
2024-04-14 12:18:18,961 [INFO] IPUIPlugin:80 - create IPUIPlugin
2024-04-14 12:18:18,961 [INFO] IPUIPlugin:80 - create IPUIPlugin
2024-04-14 12:18:18,962 [INFO] IPUIPlugin:80 - create IPUIPlugin
2024-04-14 12:18:18,963 [INFO] IPUIPlugin:80 - create IPUIPlugin
2024-04-14 12:18:18,964 [INFO] IPUIPlugin:80 - create IPUIPlugin
2024-04-14 12:18:18,965 [INFO] IPUIPlugin:80 - create IPUIPlugin
2024-04-14 12:18:18,965 [INFO] IPUIPlugin:80 - create IPUIPlugin
2024-04-14 12:18:18,966 [INFO] IPUIPlugin:80 - create IPUIPlugin
2024-04-14 12:18:18,967 [INFO] IPUIPlugin:80 - create IPUIPlugin
2024-04-14 12:18:18,968 [INFO] IPUIPlugin:80 - create IPUIPlugin
2024-04-14 12:18:18,969 [INFO] IPUIPlugin:80 - create IPUIPlugin
2024-04-14 12:18:18,970 [INFO] IPUIPlugin:80 - create IPUIPlugin
2024-04-14 12:18:18,971 [INFO] IPUIPlugin:80 - create IPUIPlugin
2024-04-14 12:18:18,972 [INFO] IPUIPlugin:80 - create IPUIPlugin
2024-04-14 12:18:18,973 [INFO] IPUIPlugin:80 - create IPUIPlugin
2024-04-14 12:18:18,974 [INFO] IPUIPlugin:80 - create IPUIPlugin
2024-04-14 12:18:18,975 [INFO] IPUIPlugin:80 - create IPUIPlugin
2024-04-14 12:18:18,976 [INFO] IPUIPlugin:80 - create IPUIPlugin
2024-04-14 12:18:18,977 [INFO] IPUIPlugin:80 - create IPUIPlugin
2024-04-14 12:18:18,978 [INFO] IPUIPlugin:80 - create IPUIPlugin
2024-04-14 12:18:18,979 [INFO] IPUIPlugin:80 - create IPUIPlugin
2024-04-14 12:18:18,981 [INFO] IPUIPlugin:80 - create IPUIPlugin
2024-04-14 12:18:18,982 [INFO] IPUIPlugin:80 - create IPUIPlugin
2024-04-14 12:18:18,983 [INFO] IPUIPlugin:80 - create IPUIPlugin
2024-04-14 12:18:18,984 [INFO] IPUIPlugin:80 - create IPUIPlugin
2024-04-14 12:18:18,986 [INFO] IPUIPlugin:80 - create IPUIPlugin
2024-04-14 12:18:18,987 [INFO] IPUIPlugin:80 - create IPUIPlugin
2024-04-14 12:18:18,989 [INFO] IPUIPlugin:80 - create IPUIPlugin
2024-04-14 12:18:18,990 [INFO] IPUIPlugin:80 - create IPUIPlugin
2024-04-14 12:18:18,992 [INFO] IPUIPlugin:80 - create IPUIPlugin
2024-04-14 12:18:18,993 [INFO] IPUIPlugin:80 - create IPUIPlugin
2024-04-14 12:18:18,995 [INFO] IPUIPlugin:80 - create IPUIPlugin
2024-04-14 12:18:19,280 [INFO] ApiDbMcu:507 - Load IP Config File for PDM2PCM
2024-04-14 12:18:19,790 [INFO] CADModel:165 - CPN selected for project levelSTM32F767ZIT6
2024-04-14 12:18:19,790 [INFO] CADModel:114 - Register for checkConnection events
2024-04-14 12:18:19,863 [INFO] OpenFileManager:328 - Restore cursor
2024-04-14 12:18:31,863 [INFO] NvicIntPanel:101 - NVIC parent = com.st.microxplorer.plugins.ip.nvic.MultiNvicIntPanel[,0,0,0x0,invalid,layout=javax.swing.BoxLayout,alignmentX=0.0,alignmentY=0.0,border=,flags=9,maximumSize=,minimumSize=,preferredSize=]
2024-04-14 12:27:58,813 [ERROR] ConfigurationRetriever:142 - IOException on connection: sw-center.st.com
2024-04-14 12:27:58,814 [ERROR] ConfigurationRetriever:142 - IOException on connection: sw-center.st.com
2024-04-14 12:27:58,815 [ERROR] ConfigurationRetriever:142 - IOException on connection: sw-center.st.com
2024-04-14 12:27:59,356 [ERROR] ConfigurationRetriever:142 - IOException on connection: sw-center.st.com
2024-04-14 12:27:59,361 [ERROR] ConfigurationRetriever:142 - IOException on connection: sw-center.st.com
2024-04-14 12:27:59,362 [ERROR] ConfigurationRetriever:142 - IOException on connection: sw-center.st.com
2024-04-14 12:40:25,992 [ERROR] ServerAccessManage:1146 - Warning during Server Connection :  Unknown host sw-center.st.com
2024-04-14 12:40:25,994 [INFO] MainUpdater:2868 - connection check result : 22
2024-04-14 12:40:26,011 [ERROR] ServerAccessManage:1146 - Warning during Server Connection :  Unknown host sw-center.st.com
2024-04-14 12:40:26,013 [INFO] MainUpdater:2868 - connection check result : 22
2024-04-14 12:40:29,875 [ERROR] ServerAccessManage:1146 - Warning during Server Connection :  Unknown host sw-center.st.com
2024-04-14 12:40:29,877 [INFO] MainUpdater:2868 - connection check result : 22
2024-04-14 12:40:31,963 [INFO] MicroXplorer:468 - Change Database Path : 
2024-04-14 12:40:31,963 [INFO] MicroXplorer:498 - Change Database Version : DB.6.0.91
2024-04-14 12:40:32,129 [WARN] ThirdParty:871 - waiting for thirdparty lock release [close project]
2024-04-14 12:40:32,129 [INFO] ThirdParty:873 - entering critical section [close project]
2024-04-14 12:40:32,130 [INFO] ThirdParty:883 - exiting critical section [close project]
2024-04-14 12:40:32,135 [INFO] PinOutPanel:1499 - setPackage(No Configuration,No Configuration)
2024-04-14 12:40:32,146 [WARN] IpParametersView:151 - Warning: This peripheral hasn't parameters
2024-04-14 12:40:32,155 [WARN] MainPanel:272 - <html><b><center>Warning: This peripheral has no parameters to be configured<br></b></html>
2024-04-14 12:40:32,167 [INFO] UtilMem:75 - Begin LoadConfig() Used Memory: 488905216 Bytes (699400192)
2024-04-14 12:40:32,168 [INFO] MicroXplorer:468 - Change Database Path : 
2024-04-14 12:40:32,168 [INFO] MicroXplorer:498 - Change Database Version : DB.6.0.91
2024-04-14 12:40:32,168 [INFO] OpenFileManager:308 - Change cursor
2024-04-14 12:40:32,218 [INFO] Mcu:1946 - Initializing MCU STM32F103C(8-B)Tx STM32F103C8Tx STM32F103C8T6
2024-04-14 12:40:33,247 [INFO] Context:659 - Trying to add GPIOservice into a context  which must be forbidden
2024-04-14 12:40:33,624 [WARN] ModelIntegratedComponent:63 - No mode defined for component null
2024-04-14 12:40:33,625 [WARN] ModelIntegratedComponent:63 - No mode defined for component null
2024-04-14 12:40:33,625 [WARN] ModelIntegratedComponent:63 - No mode defined for component null
2024-04-14 12:40:33,625 [WARN] ModelIntegratedComponent:63 - No mode defined for component null
2024-04-14 12:40:33,625 [WARN] ModelIntegratedComponent:63 - No mode defined for component null
2024-04-14 12:40:33,625 [WARN] ModelIntegratedComponent:63 - No mode defined for component null
2024-04-14 12:40:33,625 [WARN] ModelIntegratedComponent:63 - No mode defined for component null
2024-04-14 12:40:33,626 [WARN] ModelIntegratedComponent:63 - No mode defined for component null
2024-04-14 12:40:33,626 [WARN] ModelIntegratedComponent:63 - No mode defined for component null
2024-04-14 12:40:33,626 [WARN] ModelIntegratedComponent:63 - No mode defined for component null
2024-04-14 12:40:33,626 [WARN] ModelIntegratedComponent:63 - No mode defined for component null
2024-04-14 12:40:33,626 [WARN] ModelIntegratedComponent:63 - No mode defined for component null
2024-04-14 12:40:33,626 [WARN] ModelIntegratedComponent:63 - No mode defined for component null
2024-04-14 12:40:33,626 [WARN] ModelIntegratedComponent:63 - No mode defined for component null
2024-04-14 12:40:33,626 [WARN] ModelIntegratedComponent:63 - No mode defined for component null
2024-04-14 12:40:33,626 [WARN] ModelIntegratedComponent:63 - No mode defined for component null
2024-04-14 12:40:33,626 [WARN] ModelIntegratedComponent:63 - No mode defined for component null
2024-04-14 12:40:33,627 [WARN] ModelIntegratedComponent:63 - No mode defined for component null
2024-04-14 12:40:33,627 [WARN] ModelIntegratedComponent:63 - No mode defined for component null
2024-04-14 12:40:33,627 [WARN] ModelIntegratedComponent:63 - No mode defined for component null
2024-04-14 12:40:33,627 [WARN] ModelIntegratedComponent:63 - No mode defined for component null
2024-04-14 12:40:33,627 [WARN] ModelIntegratedComponent:63 - No mode defined for component null
2024-04-14 12:40:33,627 [WARN] ModelIntegratedComponent:63 - No mode defined for component null
2024-04-14 12:40:33,627 [WARN] ModelIntegratedComponent:63 - No mode defined for component null
2024-04-14 12:40:33,627 [WARN] ModelIntegratedComponent:63 - No mode defined for component null
2024-04-14 12:40:33,628 [WARN] ModelIntegratedComponent:63 - No mode defined for component null
2024-04-14 12:40:33,628 [WARN] ModelIntegratedComponent:63 - No mode defined for component null
2024-04-14 12:40:33,628 [WARN] ModelIntegratedComponent:63 - No mode defined for component null
2024-04-14 12:40:33,628 [WARN] ModelIntegratedComponent:63 - No mode defined for component null
2024-04-14 12:40:33,628 [WARN] ModelIntegratedComponent:63 - No mode defined for component null
2024-04-14 12:40:33,628 [WARN] ModelIntegratedComponent:63 - No mode defined for component null
2024-04-14 12:40:33,628 [WARN] ModelIntegratedComponent:63 - No mode defined for component null
2024-04-14 12:40:33,628 [WARN] ModelIntegratedComponent:63 - No mode defined for component null
2024-04-14 12:40:33,637 [INFO] RtosManager:555 - Registered RTOS mode: class=CMSIS, group=RTOS, mode=CMSIS_V1, owner=FREERTOS
2024-04-14 12:40:33,637 [INFO] RtosManager:555 - Registered RTOS mode: class=CMSIS, group=RTOS2, mode=CMSIS_V2, owner=FREERTOS
2024-04-14 12:40:33,637 [INFO] RtosManager:555 - Registered RTOS mode: class=RTOS, group=Core, mode=CMSIS_V1, owner=FREERTOS
2024-04-14 12:40:33,637 [INFO] RtosManager:555 - Registered RTOS mode: class=RTOS, group=Core, mode=CMSIS_V2, owner=FREERTOS
2024-04-14 12:40:33,638 [WARN] ModelIntegratedComponent:184 - Missing modes for component STMicroelectronics:FreeRTOS:0.0.1:STMicroelectronics:RTOS:FreeRTOS:Core:::10.2.0:
2024-04-14 12:40:33,651 [INFO] ThirdPartyModel:298 - Start build external matchings
2024-04-14 12:40:33,693 [INFO] ThirdPartyModel:316 - End build external matchings
2024-04-14 12:40:33,698 [WARN] IP:2114 - I2C_Coeff_DF not found: check if there is a RefParameter without a condition.
2024-04-14 12:40:33,699 [WARN] IP:2114 - Analog_Filter not found: check if there is a RefParameter without a condition.
2024-04-14 12:40:33,700 [INFO] ImportTextPane:194 - (OptionalMessage_ERROR) IP (RCC) : Parameter (ADCFreqValue) has invalid value (36000000)
2024-04-14 12:40:33,701 [INFO] ImportTextPane:194 - (OptionalMessage_ERROR) IP (RCC) : Invalid parameter (FamilyName)
2024-04-14 12:40:33,701 [INFO] ImportTextPane:194 - (OptionalMessage_ERROR) IP (RCC) : Parameter (MCOFreq_Value) has invalid value (72000000)
2024-04-14 12:40:33,702 [INFO] ImportTextPane:194 - (OptionalMessage_ERROR) IP (RCC) : Parameter (USBFreq_Value) has invalid value (72000000)
2024-04-14 12:40:34,126 [INFO] UtilMem:75 - End LoadConfig() Used Memory: 288639600 Bytes (699400192)
2024-04-14 12:40:34,451 [WARN] ThirdParty:833 - waiting for thirdparty lock release [change project]
2024-04-14 12:40:34,451 [INFO] ThirdParty:835 - entering critical section [change project]
2024-04-14 12:40:34,452 [INFO] ThirdParty:1030 - CMSIS Pack Vendor :STMicroelectronics USBPD 4.1
2024-04-14 12:40:34,452 [INFO] ThirdParty:1030 - CMSIS Pack Vendor :STMicroelectronics USB_HOST 2.0.0
2024-04-14 12:40:34,452 [INFO] ThirdParty:1030 - CMSIS Pack Vendor :STMicroelectronics X-CUBE-AZRTOS-F4 1.1.0
2024-04-14 12:40:34,452 [INFO] ThirdParty:1030 - CMSIS Pack Vendor :STMicroelectronics LIBJPEG 8.0.0
2024-04-14 12:40:34,452 [INFO] ThirdParty:1030 - CMSIS Pack Vendor :STMicroelectronics USB_DEVICE 3.0.0
2024-04-14 12:40:34,452 [INFO] ThirdParty:1030 - CMSIS Pack Vendor :STMicroelectronics X-CUBE-TCPP 4.1.0
2024-04-14 12:40:34,452 [INFO] ThirdParty:1030 - CMSIS Pack Vendor :STMicroelectronics X-CUBE-EEPRMA1 5.1.0
2024-04-14 12:40:34,453 [INFO] ThirdParty:1030 - CMSIS Pack Vendor :STMicroelectronics HAL Drivers 0.0.0
2024-04-14 12:40:34,453 [INFO] ThirdParty:1030 - CMSIS Pack Vendor :STMicroelectronics MBEDTLS 2.16.2
2024-04-14 12:40:34,453 [INFO] ThirdParty:1030 - CMSIS Pack Vendor :STMicroelectronics X-CUBE-TOUCHGFX 4.22.0
2024-04-14 12:40:34,453 [INFO] ThirdParty:1030 - CMSIS Pack Vendor :STMicroelectronics MBEDTLS 2.14.1
2024-04-14 12:40:34,453 [INFO] ThirdParty:1030 - CMSIS Pack Vendor :STMicroelectronics X-CUBE-TOUCHGFX 4.23.0
2024-04-14 12:40:34,453 [INFO] ThirdParty:1030 - CMSIS Pack Vendor :STMicroelectronics X-CUBE-TOUCHGFX 4.23.2
2024-04-14 12:40:34,453 [INFO] ThirdParty:1030 - CMSIS Pack Vendor :STMicroelectronics X-CUBE-AZRTOS-F7 1.1.0
2024-04-14 12:40:34,453 [INFO] ThirdParty:1030 - CMSIS Pack Vendor :STMicroelectronics USB_DEVICE 2.0.0
2024-04-14 12:40:34,454 [INFO] ThirdParty:1030 - CMSIS Pack Vendor :STMicroelectronics X-CUBE-NFC6 3.1.0
2024-04-14 12:40:34,454 [INFO] ThirdParty:1030 - CMSIS Pack Vendor :STMicroelectronics X-CUBE-BLEMGR 3.1.0
2024-04-14 12:40:34,454 [INFO] ThirdParty:1030 - CMSIS Pack Vendor :STMicroelectronics ThreadX 1.0.0
2024-04-14 12:40:34,454 [INFO] ThirdParty:1030 - CMSIS Pack Vendor :STMicroelectronics FreeRTOS 0.0.1
2024-04-14 12:40:34,454 [INFO] ThirdParty:1030 - CMSIS Pack Vendor :STMicroelectronics FP-SNS-MOTENV1 5.0.0
2024-04-14 12:40:34,454 [INFO] ThirdParty:1030 - CMSIS Pack Vendor :STMicroelectronics USB_DEVICE 1.0.0
2024-04-14 12:40:34,454 [INFO] ThirdParty:1030 - CMSIS Pack Vendor :STMicroelectronics X-CUBE-AI 8.1.0
2024-04-14 12:40:34,454 [INFO] ThirdParty:1030 - CMSIS Pack Vendor :STMicroelectronics X-CUBE-SAFEA1 1.2.2
2024-04-14 12:40:34,454 [INFO] ThirdParty:1030 - CMSIS Pack Vendor :STMicroelectronics STM32_WPAN 1.0.0
2024-04-14 12:40:34,455 [INFO] ThirdParty:1030 - CMSIS Pack Vendor :STMicroelectronics ThreadX 0.0.2
2024-04-14 12:40:34,455 [INFO] ThirdParty:1030 - CMSIS Pack Vendor :STMicroelectronics lwIP 2.0.3
2024-04-14 12:40:34,455 [INFO] ThirdParty:1030 - CMSIS Pack Vendor :STMicroelectronics lwIP 2.1.2
2024-04-14 12:40:34,455 [INFO] ThirdParty:1030 - CMSIS Pack Vendor :STMicroelectronics USB_HOST 1.0.0
2024-04-14 12:40:34,455 [INFO] ThirdParty:1030 - CMSIS Pack Vendor :STMicroelectronics X-CUBE-TOF1 3.4.1
2024-04-14 12:40:34,455 [INFO] ThirdParty:1030 - CMSIS Pack Vendor :STMicroelectronics PDM2PCM 3.1.0
2024-04-14 12:40:34,455 [INFO] ThirdParty:1030 - CMSIS Pack Vendor :STMicroelectronics PDM2PCM 3.2.0
2024-04-14 12:40:34,455 [INFO] ThirdParty:1030 - CMSIS Pack Vendor :STMicroelectronics PDM2PCM 3.3.0
2024-04-14 12:40:34,455 [INFO] ThirdParty:841 - exiting critical section [change project]
2024-04-14 12:40:34,755 [INFO] PinOutPanel:1499 - setPackage(No Configuration,No Configuration)
2024-04-14 12:40:34,757 [INFO] PinOutPanel:1499 - setPackage(STM32F103C8Tx,LQFP48)
2024-04-14 12:40:35,575 [INFO] UtilMem:75 - Before build in PCC Used Memory: 269191872 Bytes (699400192)
2024-04-14 12:40:36,209 [INFO] UtilMem:75 - After build in PCC Used Memory: 311134912 Bytes (699400192)
2024-04-14 12:40:36,243 [INFO] IPUIPlugin:80 - create IPUIPlugin
2024-04-14 12:40:36,244 [INFO] IPUIPlugin:80 - create IPUIPlugin
2024-04-14 12:40:36,244 [INFO] IPUIPlugin:80 - create IPUIPlugin
2024-04-14 12:40:36,244 [INFO] IPUIPlugin:80 - create IPUIPlugin
2024-04-14 12:40:36,244 [INFO] IPUIPlugin:80 - create IPUIPlugin
2024-04-14 12:40:36,245 [INFO] IPUIPlugin:80 - create IPUIPlugin
2024-04-14 12:40:36,245 [INFO] IPUIPlugin:80 - create IPUIPlugin
2024-04-14 12:40:36,245 [INFO] IPUIPlugin:80 - create IPUIPlugin
2024-04-14 12:40:36,245 [INFO] IPUIPlugin:80 - create IPUIPlugin
2024-04-14 12:40:36,246 [INFO] IPUIPlugin:80 - create IPUIPlugin
2024-04-14 12:40:36,246 [INFO] IPUIPlugin:80 - create IPUIPlugin
2024-04-14 12:40:36,246 [INFO] IPUIPlugin:80 - create IPUIPlugin
2024-04-14 12:40:36,247 [INFO] IPUIPlugin:80 - create IPUIPlugin
2024-04-14 12:40:36,247 [INFO] IPUIPlugin:80 - create IPUIPlugin
2024-04-14 12:40:36,248 [INFO] IPUIPlugin:80 - create IPUIPlugin
2024-04-14 12:40:36,248 [INFO] IPUIPlugin:80 - create IPUIPlugin
2024-04-14 12:40:36,249 [INFO] IPUIPlugin:80 - create IPUIPlugin
2024-04-14 12:40:36,249 [INFO] IPUIPlugin:80 - create IPUIPlugin
2024-04-14 12:40:36,250 [INFO] IPUIPlugin:80 - create IPUIPlugin
2024-04-14 12:40:36,250 [INFO] IPUIPlugin:80 - create IPUIPlugin
2024-04-14 12:40:36,250 [INFO] IPUIPlugin:80 - create IPUIPlugin
2024-04-14 12:40:36,251 [INFO] IPUIPlugin:80 - create IPUIPlugin
2024-04-14 12:40:36,251 [INFO] IPUIPlugin:80 - create IPUIPlugin
2024-04-14 12:40:36,252 [INFO] IPUIPlugin:80 - create IPUIPlugin
2024-04-14 12:40:36,253 [INFO] IPUIPlugin:80 - create IPUIPlugin
2024-04-14 12:40:36,254 [INFO] IPUIPlugin:80 - create IPUIPlugin
2024-04-14 12:40:36,254 [INFO] IPUIPlugin:80 - create IPUIPlugin
2024-04-14 12:40:36,257 [WARN] IP:2114 - I2C_Coeff_DF not found: check if there is a RefParameter without a condition.
2024-04-14 12:40:36,258 [WARN] IP:2114 - Analog_Filter not found: check if there is a RefParameter without a condition.
2024-04-14 12:40:36,356 [INFO] CADModel:165 - CPN selected for project levelSTM32F103C8T6
2024-04-14 12:40:36,357 [INFO] CADModel:114 - Register for checkConnection events
2024-04-14 12:40:36,420 [INFO] OpenFileManager:328 - Restore cursor
2024-04-14 12:40:36,496 [WARN] IP:2114 - I2C_Coeff_DF not found: check if there is a RefParameter without a condition.
2024-04-14 12:40:36,497 [WARN] IP:2114 - Analog_Filter not found: check if there is a RefParameter without a condition.
2024-04-14 12:40:36,498 [WARN] IP:2114 - I2C_Coeff_DF not found: check if there is a RefParameter without a condition.
2024-04-14 12:40:36,498 [WARN] IP:2114 - Analog_Filter not found: check if there is a RefParameter without a condition.
2024-04-14 12:40:53,350 [INFO] ApiDbMcu:507 - Load IP Config File for USB_DEVICE
2024-04-14 12:42:20,278 [ERROR] ConfigurationRetriever:142 - IOException on connection: sw-center.st.com
2024-04-14 12:42:20,279 [ERROR] ConfigurationRetriever:142 - IOException on connection: sw-center.st.com
2024-04-14 12:42:20,279 [ERROR] ConfigurationRetriever:142 - IOException on connection: sw-center.st.com
2024-04-14 12:42:21,017 [ERROR] ConfigurationRetriever:142 - IOException on connection: sw-center.st.com
2024-04-14 12:42:21,018 [ERROR] ConfigurationRetriever:142 - IOException on connection: sw-center.st.com
2024-04-14 12:42:21,019 [ERROR] ConfigurationRetriever:142 - IOException on connection: sw-center.st.com
